<?xml version="1.0" encoding="UTF-8"?>
<testng-results skipped="0" failed="1" ignored="0" total="1" passed="0">
  <reporter-output>
  </reporter-output>
  <suite name="Default suite" duration-ms="178496" started-at="2020-12-02T20:09:34 IST" finished-at="2020-12-02T20:12:32 IST">
    <groups>
    </groups>
    <test name="Default test" duration-ms="178496" started-at="2020-12-02T20:09:34 IST" finished-at="2020-12-02T20:12:32 IST">
      <class name="expediaTest.TC_Search_One_way_flight">
        <test-method status="PASS" signature="initialize()[pri:0, instance:expediaTest.TC_Search_One_way_flight@fbd1f6]" name="initialize" is-config="true" duration-ms="25970" started-at="2020-12-02T20:09:08 IST" finished-at="2020-12-02T20:09:34 IST">
          <reporter-output>
          </reporter-output>
        </test-method> <!-- initialize -->
        <test-method status="PASS" signature="setup()[pri:0, instance:expediaTest.TC_Search_One_way_flight@fbd1f6]" name="setup" is-config="true" duration-ms="25454" started-at="2020-12-02T20:09:34 IST" finished-at="2020-12-02T20:09:59 IST">
          <reporter-output>
          </reporter-output>
        </test-method> <!-- setup -->
        <test-method status="FAIL" signature="testSearchFlightOneWay()[pri:0, instance:expediaTest.TC_Search_One_way_flight@fbd1f6]" name="testSearchFlightOneWay" duration-ms="152962" started-at="2020-12-02T20:09:59 IST" finished-at="2020-12-02T20:12:32 IST">
          <exception class="java.lang.ArrayIndexOutOfBoundsException">
            <message>
              <![CDATA[1]]>
            </message>
            <full-stacktrace>
              <![CDATA[java.lang.ArrayIndexOutOfBoundsException: 1
at actions.ExpediaReusableActions.selectDate(ExpediaReusableActions.java:34)
at actions.ExpediaFlightsActions.enterDepartureDate(ExpediaFlightsActions.java:29)
at expediaTest.TC_Search_One_way_flight.testSearchFlightOneWay(TC_Search_One_way_flight.java:28)
at sun.reflect.NativeMethodAccessorImpl.invoke0(Native Method)
at sun.reflect.NativeMethodAccessorImpl.invoke(NativeMethodAccessorImpl.java:62)
at sun.reflect.DelegatingMethodAccessorImpl.invoke(DelegatingMethodAccessorImpl.java:43)
at java.lang.reflect.Method.invoke(Method.java:498)
at org.testng.internal.MethodInvocationHelper.invokeMethod(MethodInvocationHelper.java:132)
at org.testng.internal.TestInvoker.invokeMethod(TestInvoker.java:599)
at org.testng.internal.TestInvoker.invokeTestMethod(TestInvoker.java:174)
at org.testng.internal.MethodRunner.runInSequence(MethodRunner.java:46)
at org.testng.internal.TestInvoker$MethodInvocationAgent.invoke(TestInvoker.java:822)
at org.testng.internal.TestInvoker.invokeTestMethods(TestInvoker.java:147)
at org.testng.internal.TestMethodWorker.invokeTestMethods(TestMethodWorker.java:146)
at org.testng.internal.TestMethodWorker.run(TestMethodWorker.java:128)
at java.util.ArrayList.forEach(ArrayList.java:1257)
at org.testng.TestRunner.privateRun(TestRunner.java:764)
at org.testng.TestRunner.run(TestRunner.java:585)
at org.testng.SuiteRunner.runTest(SuiteRunner.java:384)
at org.testng.SuiteRunner.runSequentially(SuiteRunner.java:378)
at org.testng.SuiteRunner.privateRun(SuiteRunner.java:337)
at org.testng.SuiteRunner.run(SuiteRunner.java:286)
at org.testng.SuiteRunnerWorker.runSuite(SuiteRunnerWorker.java:53)
at org.testng.SuiteRunnerWorker.run(SuiteRunnerWorker.java:96)
at org.testng.TestNG.runSuitesSequentially(TestNG.java:1218)
at org.testng.TestNG.runSuitesLocally(TestNG.java:1140)
at org.testng.TestNG.runSuites(TestNG.java:1069)
at org.testng.TestNG.run(TestNG.java:1037)
at org.testng.remote.AbstractRemoteTestNG.run(AbstractRemoteTestNG.java:115)
at org.testng.remote.RemoteTestNG.initAndRun(RemoteTestNG.java:251)
at org.testng.remote.RemoteTestNG.main(RemoteTestNG.java:77)
]]>
            </full-stacktrace>
          </exception> <!-- java.lang.ArrayIndexOutOfBoundsException -->
          <reporter-output>
          </reporter-output>
        </test-method> <!-- testSearchFlightOneWay -->
      </class> <!-- expediaTest.TC_Search_One_way_flight -->
    </test> <!-- Default test -->
  </suite> <!-- Default suite -->
</testng-results>
